2021-03-29T22:46:38.080+0200 [DEBUG] [org.gradle.launcher.daemon.bootstrap.DaemonMain] Assuming the daemon was started with following jvm opts: [-XX:MaxMetaspaceSize=256m, -XX:+HeapDumpOnOutOfMemoryError, -Xms256m, -Xmx512m, -Dfile.encoding=UTF-8, -Duser.country, -Duser.language=en, -Duser.variant]
2021-03-29T22:46:38.151+0200 [INFO] [org.gradle.launcher.daemon.server.Daemon] start() called on daemon - DefaultDaemonContext[uid=722a453a-93db-426a-8244-0ea4b1e80cd1,javaHome=/snap/gradle/78/usr/lib/jvm/java-8-openjdk-amd64,daemonRegistryDir=/home/lokesh/Proj3/gradletest/elp/daemon,pid=7493,idleTimeout=10800000,priority=NORMAL,daemonOpts=-XX:MaxMetaspaceSize=256m,-XX:+HeapDumpOnOutOfMemoryError,-Xms256m,-Xmx512m,-Dfile.encoding=UTF-8,-Duser.country,-Duser.language=en,-Duser.variant]
2021-03-29T22:46:38.165+0200 [DEBUG] [org.gradle.internal.remote.internal.inet.InetAddresses] Adding IP addresses for network interface ens33
2021-03-29T22:46:38.166+0200 [DEBUG] [org.gradle.internal.remote.internal.inet.InetAddresses] Is this a loopback interface? false
2021-03-29T22:46:38.166+0200 [DEBUG] [org.gradle.internal.remote.internal.inet.InetAddresses] Adding remote address /fe80:0:0:0:3bea:c47f:a516:960b%ens33
2021-03-29T22:46:38.166+0200 [DEBUG] [org.gradle.internal.remote.internal.inet.InetAddresses] Adding remote address /192.168.131.129
2021-03-29T22:46:38.166+0200 [DEBUG] [org.gradle.internal.remote.internal.inet.InetAddresses] Adding IP addresses for network interface lo
2021-03-29T22:46:38.169+0200 [DEBUG] [org.gradle.internal.remote.internal.inet.InetAddresses] Is this a loopback interface? true
2021-03-29T22:46:38.170+0200 [DEBUG] [org.gradle.internal.remote.internal.inet.InetAddresses] Adding loopback address /0:0:0:0:0:0:0:1%lo
2021-03-29T22:46:38.170+0200 [DEBUG] [org.gradle.internal.remote.internal.inet.InetAddresses] Adding loopback address /127.0.0.1
2021-03-29T22:46:38.171+0200 [DEBUG] [org.gradle.internal.remote.internal.inet.TcpIncomingConnector] Listening on [2b93f5b9-e88d-432a-8118-0f8129f48edd port:41989, addresses:[localhost/127.0.0.1]].
2021-03-29T22:46:38.175+0200 [DEBUG] [org.gradle.launcher.daemon.server.Daemon] Daemon starting at: Mon Mar 29 22:46:38 CEST 2021, with address: [2b93f5b9-e88d-432a-8118-0f8129f48edd port:41989, addresses:[localhost/127.0.0.1]]
2021-03-29T22:46:38.176+0200 [INFO] [org.gradle.launcher.daemon.server.DaemonRegistryUpdater] Advertising the daemon address to the clients: [2b93f5b9-e88d-432a-8118-0f8129f48edd port:41989, addresses:[localhost/127.0.0.1]]
2021-03-29T22:46:38.176+0200 [DEBUG] [org.gradle.launcher.daemon.server.DaemonRegistryUpdater] Advertised daemon context: DefaultDaemonContext[uid=722a453a-93db-426a-8244-0ea4b1e80cd1,javaHome=/snap/gradle/78/usr/lib/jvm/java-8-openjdk-amd64,daemonRegistryDir=/home/lokesh/Proj3/gradletest/elp/daemon,pid=7493,idleTimeout=10800000,priority=NORMAL,daemonOpts=-XX:MaxMetaspaceSize=256m,-XX:+HeapDumpOnOutOfMemoryError,-Xms256m,-Xmx512m,-Dfile.encoding=UTF-8,-Duser.country,-Duser.language=en,-Duser.variant]
2021-03-29T22:46:38.177+0200 [DEBUG] [org.gradle.launcher.daemon.registry.PersistentDaemonRegistry] Storing daemon address: [2b93f5b9-e88d-432a-8118-0f8129f48edd port:41989, addresses:[localhost/127.0.0.1]], context: DefaultDaemonContext[uid=722a453a-93db-426a-8244-0ea4b1e80cd1,javaHome=/snap/gradle/78/usr/lib/jvm/java-8-openjdk-amd64,daemonRegistryDir=/home/lokesh/Proj3/gradletest/elp/daemon,pid=7493,idleTimeout=10800000,priority=NORMAL,daemonOpts=-XX:MaxMetaspaceSize=256m,-XX:+HeapDumpOnOutOfMemoryError,-Xms256m,-Xmx512m,-Dfile.encoding=UTF-8,-Duser.country,-Duser.language=en,-Duser.variant]
2021-03-29T22:46:38.183+0200 [DEBUG] [org.gradle.cache.internal.DefaultFileLockManager] Waiting to acquire exclusive lock on daemon addresses registry.
2021-03-29T22:46:38.185+0200 [DEBUG] [org.gradle.cache.internal.DefaultFileLockManager] Lock acquired on daemon addresses registry.
2021-03-29T22:46:38.188+0200 [DEBUG] [org.gradle.cache.internal.DefaultFileLockManager] Releasing lock on daemon addresses registry.
2021-03-29T22:46:38.188+0200 [LIFECYCLE] [org.gradle.launcher.daemon.server.Daemon] Daemon server started.
2021-03-29T22:46:38.189+0200 [DEBUG] [org.gradle.launcher.daemon.bootstrap.DaemonStartupCommunication] Completed writing the daemon greeting. Closing streams...
2021-03-29T22:46:38.192+0200 [DEBUG] [org.gradle.launcher.daemon.server.Daemon] stopOnExpiration() called on daemon
2021-03-29T22:46:38.193+0200 [DEBUG] [org.gradle.launcher.daemon.server.Daemon] awaitExpiration() called on daemon
2021-03-29T22:46:38.194+0200 [DEBUG] [org.gradle.launcher.daemon.server.DaemonStateCoordinator] daemon is running. Sleeping until state changes.
2021-03-29T22:46:38.200+0200 [DEBUG] [org.gradle.internal.remote.internal.inet.TcpIncomingConnector] Accepted connection from /127.0.0.1:57474 to /127.0.0.1:41989.
2021-03-29T22:46:38.242+0200 [DEBUG] [org.gradle.launcher.daemon.server.SynchronizedDispatchConnection] thread 16: received class org.gradle.launcher.daemon.protocol.Build
2021-03-29T22:46:38.242+0200 [DEBUG] [org.gradle.launcher.daemon.server.DefaultDaemonConnection] thread 16: Received non-IO message from client: Build{id=214a871f-2f6c-47e8-9c3d-914f16a944c9, currentDir=/home/lokesh/Proj3/gradletest}
2021-03-29T22:46:38.242+0200 [INFO] [org.gradle.launcher.daemon.server.DefaultIncomingConnectionHandler] Received command: Build{id=214a871f-2f6c-47e8-9c3d-914f16a944c9, currentDir=/home/lokesh/Proj3/gradletest}.
2021-03-29T22:46:38.243+0200 [DEBUG] [org.gradle.launcher.daemon.server.DefaultIncomingConnectionHandler] Starting executing command: Build{id=214a871f-2f6c-47e8-9c3d-914f16a944c9, currentDir=/home/lokesh/Proj3/gradletest} with connection: socket connection from /127.0.0.1:41989 to /127.0.0.1:57474.
2021-03-29T22:46:38.246+0200 [ERROR] [org.gradle.launcher.daemon.server.DaemonStateCoordinator] Command execution: started DaemonCommandExecution[command = Build{id=214a871f-2f6c-47e8-9c3d-914f16a944c9, currentDir=/home/lokesh/Proj3/gradletest}, connection = DefaultDaemonConnection: socket connection from /127.0.0.1:41989 to /127.0.0.1:57474] after 0.0 minutes of idle
2021-03-29T22:46:38.246+0200 [INFO] [org.gradle.launcher.daemon.server.DaemonRegistryUpdater] Marking the daemon as busy, address: [2b93f5b9-e88d-432a-8118-0f8129f48edd port:41989, addresses:[localhost/127.0.0.1]]
2021-03-29T22:46:38.246+0200 [DEBUG] [org.gradle.launcher.daemon.registry.PersistentDaemonRegistry] Marking busy by address: [2b93f5b9-e88d-432a-8118-0f8129f48edd port:41989, addresses:[localhost/127.0.0.1]]
2021-03-29T22:46:38.247+0200 [DEBUG] [org.gradle.cache.internal.DefaultFileLockManager] Waiting to acquire exclusive lock on daemon addresses registry.
2021-03-29T22:46:38.247+0200 [DEBUG] [org.gradle.cache.internal.DefaultFileLockManager] Lock acquired on daemon addresses registry.
2021-03-29T22:46:38.248+0200 [DEBUG] [org.gradle.cache.internal.DefaultFileLockManager] Releasing lock on daemon addresses registry.
2021-03-29T22:46:38.249+0200 [DEBUG] [org.gradle.launcher.daemon.server.DaemonStateCoordinator] resetting idle timer
2021-03-29T22:46:38.249+0200 [DEBUG] [org.gradle.launcher.daemon.server.DaemonStateCoordinator] daemon is running. Sleeping until state changes.
2021-03-29T22:46:38.250+0200 [INFO] [org.gradle.launcher.daemon.server.exec.StartBuildOrRespondWithBusy] Daemon is about to start building Build{id=214a871f-2f6c-47e8-9c3d-914f16a944c9, currentDir=/home/lokesh/Proj3/gradletest}. Dispatching build started information...
2021-03-29T22:46:38.250+0200 [DEBUG] [org.gradle.launcher.daemon.server.SynchronizedDispatchConnection] thread 18: dispatching org.gradle.launcher.daemon.protocol.BuildStarted@158028c9
2021-03-29T22:46:38.252+0200 [DEBUG] [org.gradle.launcher.daemon.server.exec.EstablishBuildEnvironment] Configuring env variables: [PATH, LC_MEASUREMENT, XAUTHORITY, INVOCATION_ID, XMODIFIERS, LC_TELEPHONE, XDG_DATA_DIRS, GDMSESSION, LC_TIME, SNAP_COMMON, SNAP_INSTANCE_KEY, SNAP_USER_COMMON, DBUS_SESSION_BUS_ADDRESS, SNAP_REVISION, XDG_CURRENT_DESKTOP, JOURNAL_STREAM, SSH_AGENT_PID, COLORTERM, LC_PAPER, SESSION_MANAGER, USERNAME, LOGNAME, PWD, MANAGERPID, IM_CONFIG_PHASE, LANGUAGE, GJS_DEBUG_TOPICS, SHELL, LESSOPEN, LC_ADDRESS, OLDPWD, GNOME_DESKTOP_SESSION_ID, GNOME_TERMINAL_SCREEN, GTK_MODULES, LC_ALL, SNAP_ARCH, XDG_SESSION_DESKTOP, LS_COLORS, SNAP_LIBRARY_PATH, SHLVL, LC_IDENTIFICATION, LESSCLOSE, LC_MONETARY, SNAP_NAME, QT_IM_MODULE, JAVA_HOME, TERM, XDG_CONFIG_DIRS, GNOME_TERMINAL_SERVICE, LANG, SNAP_INSTANCE_NAME, XDG_SESSION_TYPE, SNAP_USER_DATA, DISPLAY, GRADLE_USER_HOME, SNAP_REEXEC, SNAP_VERSION, LC_NAME, XDG_SESSION_CLASS, _, SNAP_DATA, GPG_AGENT_INFO, DESKTOP_SESSION, SNAP, USER, SNAP_REAL_HOME, XDG_MENU_PREFIX, VTE_VERSION, QT_ACCESSIBILITY, WINDOWPATH, LC_NUMERIC, GJS_DEBUG_OUTPUT, SSH_AUTH_SOCK, GNOME_SHELL_SESSION_MODE, SNAP_CONTEXT, XDG_RUNTIME_DIR, SNAP_COOKIE, HOME]
2021-03-29T22:46:38.256+0200 [DEBUG] [org.gradle.launcher.daemon.server.exec.LogToClient] About to start relaying all logs to the client via the connection.
2021-03-29T22:46:38.256+0200 [INFO] [org.gradle.launcher.daemon.server.exec.LogToClient] The client will now receive all logging from the daemon (pid: 7493). The daemon log file: /home/lokesh/Proj3/gradletest/elp/daemon/6.8.3/daemon-7493.out.log
2021-03-29T22:46:38.262+0200 [INFO] [org.gradle.launcher.daemon.server.exec.LogAndCheckHealth] Starting build in new daemon [memory: 455.5 MiB]
2021-03-29T22:46:38.266+0200 [DEBUG] [org.gradle.launcher.daemon.server.exec.ExecuteBuild] The daemon has started executing the build.
2021-03-29T22:46:38.266+0200 [DEBUG] [org.gradle.launcher.daemon.server.exec.ExecuteBuild] Executing build with daemon context: DefaultDaemonContext[uid=722a453a-93db-426a-8244-0ea4b1e80cd1,javaHome=/snap/gradle/78/usr/lib/jvm/java-8-openjdk-amd64,daemonRegistryDir=/home/lokesh/Proj3/gradletest/elp/daemon,pid=7493,idleTimeout=10800000,priority=NORMAL,daemonOpts=-XX:MaxMetaspaceSize=256m,-XX:+HeapDumpOnOutOfMemoryError,-Xms256m,-Xmx512m,-Dfile.encoding=UTF-8,-Duser.country,-Duser.language=en,-Duser.variant]

Welcome to Gradle 6.8.3.

To run a build, run gradle <task> ...

To see a list of available tasks, run gradle tasks

To see a list of command-line options, run gradle --help

To see more detail about a task, run gradle help --task <task>

For troubleshooting, visit https://help.gradle.org

Deprecated Gradle features were used in this build, making it incompatible with Gradle 7.0.
Use '--warning-mode all' to show the individual deprecation warnings.
See https://docs.gradle.org/6.8.3/userguide/command_line_interface.html#sec:command_line_warnings

BUILD SUCCESSFUL in 3s
1 actionable task: 1 executed
2021-03-29T22:46:40.493+0200 [DEBUG] [org.gradle.launcher.daemon.server.exec.ExecuteBuild] The daemon has finished executing the build.
2021-03-29T22:46:40.498+0200 [DEBUG] [org.gradle.launcher.daemon.server.DaemonStateCoordinator] daemon is running. Sleeping until state changes.
2021-03-29T22:46:40.498+0200 [DEBUG] [org.gradle.launcher.daemon.server.DaemonStateCoordinator] Command execution: finished waiting for DaemonCommandExecution[command = Build{id=214a871f-2f6c-47e8-9c3d-914f16a944c9, currentDir=/home/lokesh/Proj3/gradletest}, connection = DefaultDaemonConnection: socket connection from /127.0.0.1:41989 to /127.0.0.1:57474]. Result org.gradle.launcher.daemon.server.DaemonStateCoordinator@405536a with state Busy
2021-03-29T22:46:40.499+0200 [DEBUG] [org.gradle.launcher.daemon.server.DaemonStateCoordinator] Command execution: completed DaemonCommandExecution[command = Build{id=214a871f-2f6c-47e8-9c3d-914f16a944c9, currentDir=/home/lokesh/Proj3/gradletest}, connection = DefaultDaemonConnection: socket connection from /127.0.0.1:41989 to /127.0.0.1:57474]
2021-03-29T22:46:40.499+0200 [DEBUG] [org.gradle.launcher.daemon.server.DaemonStateCoordinator] resetting idle timer
2021-03-29T22:46:40.499+0200 [INFO] [org.gradle.launcher.daemon.server.DaemonRegistryUpdater] Marking the daemon as idle, address: [2b93f5b9-e88d-432a-8118-0f8129f48edd port:41989, addresses:[localhost/127.0.0.1]]
2021-03-29T22:46:40.499+0200 [DEBUG] [org.gradle.launcher.daemon.registry.PersistentDaemonRegistry] Marking busy by address: [2b93f5b9-e88d-432a-8118-0f8129f48edd port:41989, addresses:[localhost/127.0.0.1]]
2021-03-29T22:46:40.499+0200 [DEBUG] [org.gradle.cache.internal.DefaultFileLockManager] Waiting to acquire exclusive lock on daemon addresses registry.
2021-03-29T22:46:40.499+0200 [DEBUG] [org.gradle.cache.internal.DefaultFileLockManager] Lock acquired on daemon addresses registry.
2021-03-29T22:46:40.500+0200 [DEBUG] [org.gradle.cache.internal.DefaultFileLockManager] Releasing lock on daemon addresses registry.
2021-03-29T22:46:40.500+0200 [DEBUG] [org.gradle.launcher.daemon.server.DaemonStateCoordinator] daemon is running. Sleeping until state changes.
2021-03-29T22:46:40.500+0200 [DEBUG] [org.gradle.launcher.daemon.server.exec.ReturnResult] Daemon is dispatching the build result: Success[value=org.gradle.launcher.exec.BuildActionResult@5ca979f0]
2021-03-29T22:46:40.500+0200 [DEBUG] [org.gradle.launcher.daemon.server.SynchronizedDispatchConnection] thread 15: dispatching Success[value=org.gradle.launcher.exec.BuildActionResult@5ca979f0]
2021-03-29T22:46:40.501+0200 [DEBUG] [org.gradle.launcher.daemon.server.DefaultIncomingConnectionHandler] Finishing executing command: Build{id=214a871f-2f6c-47e8-9c3d-914f16a944c9, currentDir=/home/lokesh/Proj3/gradletest}
2021-03-29T22:46:40.502+0200 [DEBUG] [org.gradle.launcher.daemon.server.SynchronizedDispatchConnection] thread 16: received class org.gradle.launcher.daemon.protocol.CloseInput
2021-03-29T22:46:40.503+0200 [DEBUG] [org.gradle.launcher.daemon.server.DefaultDaemonConnection] thread 16: Received IO message from client: org.gradle.launcher.daemon.protocol.CloseInput@1d8ddaf8
2021-03-29T22:46:40.503+0200 [DEBUG] [org.gradle.launcher.daemon.server.SynchronizedDispatchConnection] thread 16: received class org.gradle.launcher.daemon.protocol.Finished
2021-03-29T22:46:40.503+0200 [DEBUG] [org.gradle.launcher.daemon.server.DefaultDaemonConnection] thread 16: Received non-IO message from client: org.gradle.launcher.daemon.protocol.Finished@3621433c
2021-03-29T22:46:40.503+0200 [DEBUG] [org.gradle.internal.remote.internal.inet.SocketConnection] Discarding EOFException: java.io.EOFException
2021-03-29T22:46:40.504+0200 [DEBUG] [org.gradle.launcher.daemon.server.SynchronizedDispatchConnection] thread 16: received null
2021-03-29T22:46:40.504+0200 [DEBUG] [org.gradle.launcher.daemon.server.DefaultDaemonConnection] thread 16: Received end-of-input from client.
2021-03-29T22:46:40.503+0200 [DEBUG] [org.gradle.launcher.daemon.server.DefaultIncomingConnectionHandler] Received finished message: org.gradle.launcher.daemon.protocol.Finished@3621433c
2021-03-29T22:46:40.504+0200 [DEBUG] [org.gradle.launcher.daemon.server.SynchronizedDispatchConnection] thread 15: stopping connection
2021-03-29T22:46:40.505+0200 [DEBUG] [org.gradle.launcher.daemon.server.SynchronizedDispatchConnection] thread 15: stopping connection
2021-03-29T22:46:48.194+0200 [DEBUG] [org.gradle.cache.internal.DefaultFileLockManager] Waiting to acquire shared lock on daemon addresses registry.
2021-03-29T22:46:48.195+0200 [DEBUG] [org.gradle.cache.internal.DefaultFileLockManager] Lock acquired on daemon addresses registry.
2021-03-29T22:46:48.195+0200 [DEBUG] [org.gradle.cache.internal.DefaultFileLockManager] Releasing lock on daemon addresses registry.
2021-03-29T22:46:48.195+0200 [DEBUG] [org.gradle.cache.internal.DefaultFileLockManager] Waiting to acquire shared lock on daemon addresses registry.
2021-03-29T22:46:48.195+0200 [DEBUG] [org.gradle.cache.internal.DefaultFileLockManager] Lock acquired on daemon addresses registry.
2021-03-29T22:46:48.195+0200 [DEBUG] [org.gradle.cache.internal.DefaultFileLockManager] Releasing lock on daemon addresses registry.
2021-03-29T22:46:58.194+0200 [DEBUG] [org.gradle.cache.internal.DefaultFileLockManager] Waiting to acquire shared lock on daemon addresses registry.
2021-03-29T22:46:58.194+0200 [DEBUG] [org.gradle.cache.internal.DefaultFileLockManager] Lock acquired on daemon addresses registry.
2021-03-29T22:46:58.194+0200 [DEBUG] [org.gradle.cache.internal.DefaultFileLockManager] Releasing lock on daemon addresses registry.
2021-03-29T22:46:58.194+0200 [DEBUG] [org.gradle.cache.internal.DefaultFileLockManager] Waiting to acquire shared lock on daemon addresses registry.
2021-03-29T22:46:58.194+0200 [DEBUG] [org.gradle.cache.internal.DefaultFileLockManager] Lock acquired on daemon addresses registry.
2021-03-29T22:46:58.194+0200 [DEBUG] [org.gradle.cache.internal.DefaultFileLockManager] Releasing lock on daemon addresses registry.
2021-03-29T22:46:58.194+0200 [DEBUG] [org.gradle.cache.internal.DefaultFileLockManager] Waiting to acquire shared lock on daemon addresses registry.
2021-03-29T22:46:58.195+0200 [DEBUG] [org.gradle.cache.internal.DefaultFileLockManager] Lock acquired on daemon addresses registry.
2021-03-29T22:46:58.195+0200 [DEBUG] [org.gradle.cache.internal.DefaultFileLockManager] Releasing lock on daemon addresses registry.
2021-03-29T22:47:08.194+0200 [DEBUG] [org.gradle.cache.internal.DefaultFileLockManager] Waiting to acquire shared lock on daemon addresses registry.
2021-03-29T22:47:08.194+0200 [DEBUG] [org.gradle.cache.internal.DefaultFileLockManager] Lock acquired on daemon addresses registry.
2021-03-29T22:47:08.194+0200 [DEBUG] [org.gradle.cache.internal.DefaultFileLockManager] Releasing lock on daemon addresses registry.
2021-03-29T22:47:08.194+0200 [DEBUG] [org.gradle.cache.internal.DefaultFileLockManager] Waiting to acquire shared lock on daemon addresses registry.
2021-03-29T22:47:08.194+0200 [DEBUG] [org.gradle.cache.internal.DefaultFileLockManager] Lock acquired on daemon addresses registry.
2021-03-29T22:47:08.194+0200 [DEBUG] [org.gradle.cache.internal.DefaultFileLockManager] Releasing lock on daemon addresses registry.
2021-03-29T22:47:08.195+0200 [DEBUG] [org.gradle.cache.internal.DefaultFileLockManager] Waiting to acquire shared lock on daemon addresses registry.
2021-03-29T22:47:08.195+0200 [DEBUG] [org.gradle.cache.internal.DefaultFileLockManager] Lock acquired on daemon addresses registry.
2021-03-29T22:47:08.195+0200 [DEBUG] [org.gradle.cache.internal.DefaultFileLockManager] Releasing lock on daemon addresses registry.
2021-03-29T22:47:18.194+0200 [DEBUG] [org.gradle.cache.internal.DefaultFileLockManager] Waiting to acquire shared lock on daemon addresses registry.
2021-03-29T22:47:18.194+0200 [DEBUG] [org.gradle.cache.internal.DefaultFileLockManager] Lock acquired on daemon addresses registry.
2021-03-29T22:47:18.205+0200 [DEBUG] [org.gradle.cache.internal.DefaultFileLockManager] Releasing lock on daemon addresses registry.
2021-03-29T22:47:18.205+0200 [DEBUG] [org.gradle.cache.internal.DefaultFileLockManager] Waiting to acquire shared lock on daemon addresses registry.
2021-03-29T22:47:18.205+0200 [DEBUG] [org.gradle.cache.internal.DefaultFileLockManager] Lock acquired on daemon addresses registry.
2021-03-29T22:47:18.205+0200 [DEBUG] [org.gradle.cache.internal.DefaultFileLockManager] Releasing lock on daemon addresses registry.
2021-03-29T22:47:18.206+0200 [DEBUG] [org.gradle.cache.internal.DefaultFileLockManager] Waiting to acquire shared lock on daemon addresses registry.
2021-03-29T22:47:18.206+0200 [DEBUG] [org.gradle.cache.internal.DefaultFileLockManager] Lock acquired on daemon addresses registry.
2021-03-29T22:47:18.206+0200 [DEBUG] [org.gradle.cache.internal.DefaultFileLockManager] Releasing lock on daemon addresses registry.
2021-03-29T22:47:28.194+0200 [DEBUG] [org.gradle.cache.internal.DefaultFileLockManager] Waiting to acquire shared lock on daemon addresses registry.
2021-03-29T22:47:28.194+0200 [DEBUG] [org.gradle.cache.internal.DefaultFileLockManager] Lock acquired on daemon addresses registry.
2021-03-29T22:47:28.205+0200 [DEBUG] [org.gradle.cache.internal.DefaultFileLockManager] Releasing lock on daemon addresses registry.
2021-03-29T22:47:28.205+0200 [DEBUG] [org.gradle.cache.internal.DefaultFileLockManager] Waiting to acquire shared lock on daemon addresses registry.
2021-03-29T22:47:28.205+0200 [DEBUG] [org.gradle.cache.internal.DefaultFileLockManager] Lock acquired on daemon addresses registry.
2021-03-29T22:47:28.205+0200 [DEBUG] [org.gradle.cache.internal.DefaultFileLockManager] Releasing lock on daemon addresses registry.
2021-03-29T22:47:28.206+0200 [DEBUG] [org.gradle.cache.internal.DefaultFileLockManager] Waiting to acquire shared lock on daemon addresses registry.
2021-03-29T22:47:28.206+0200 [DEBUG] [org.gradle.cache.internal.DefaultFileLockManager] Lock acquired on daemon addresses registry.
2021-03-29T22:47:28.206+0200 [DEBUG] [org.gradle.cache.internal.DefaultFileLockManager] Releasing lock on daemon addresses registry.
2021-03-29T22:47:38.194+0200 [DEBUG] [org.gradle.cache.internal.DefaultFileLockManager] Waiting to acquire shared lock on daemon addresses registry.
2021-03-29T22:47:38.205+0200 [DEBUG] [org.gradle.cache.internal.DefaultFileLockManager] Lock acquired on daemon addresses registry.
2021-03-29T22:47:38.205+0200 [DEBUG] [org.gradle.cache.internal.DefaultFileLockManager] Releasing lock on daemon addresses registry.
2021-03-29T22:47:38.205+0200 [DEBUG] [org.gradle.cache.internal.DefaultFileLockManager] Waiting to acquire shared lock on daemon addresses registry.
2021-03-29T22:47:38.206+0200 [DEBUG] [org.gradle.cache.internal.DefaultFileLockManager] Lock acquired on daemon addresses registry.
2021-03-29T22:47:38.206+0200 [DEBUG] [org.gradle.cache.internal.DefaultFileLockManager] Releasing lock on daemon addresses registry.
2021-03-29T22:47:38.206+0200 [DEBUG] [org.gradle.cache.internal.DefaultFileLockManager] Waiting to acquire shared lock on daemon addresses registry.
2021-03-29T22:47:38.206+0200 [DEBUG] [org.gradle.cache.internal.DefaultFileLockManager] Lock acquired on daemon addresses registry.
2021-03-29T22:47:38.206+0200 [DEBUG] [org.gradle.cache.internal.DefaultFileLockManager] Releasing lock on daemon addresses registry.
2021-03-29T22:47:48.194+0200 [DEBUG] [org.gradle.cache.internal.DefaultFileLockManager] Waiting to acquire shared lock on daemon addresses registry.
2021-03-29T22:47:48.194+0200 [DEBUG] [org.gradle.cache.internal.DefaultFileLockManager] Lock acquired on daemon addresses registry.
2021-03-29T22:47:48.194+0200 [DEBUG] [org.gradle.cache.internal.DefaultFileLockManager] Releasing lock on daemon addresses registry.
2021-03-29T22:47:48.195+0200 [DEBUG] [org.gradle.cache.internal.DefaultFileLockManager] Waiting to acquire shared lock on daemon addresses registry.
2021-03-29T22:47:48.195+0200 [DEBUG] [org.gradle.cache.internal.DefaultFileLockManager] Lock acquired on daemon addresses registry.
2021-03-29T22:47:48.195+0200 [DEBUG] [org.gradle.cache.internal.DefaultFileLockManager] Releasing lock on daemon addresses registry.
2021-03-29T22:47:48.195+0200 [DEBUG] [org.gradle.cache.internal.DefaultFileLockManager] Waiting to acquire shared lock on daemon addresses registry.
2021-03-29T22:47:48.195+0200 [DEBUG] [org.gradle.cache.internal.DefaultFileLockManager] Lock acquired on daemon addresses registry.
2021-03-29T22:47:48.195+0200 [DEBUG] [org.gradle.cache.internal.DefaultFileLockManager] Releasing lock on daemon addresses registry.
2021-03-29T22:47:58.194+0200 [DEBUG] [org.gradle.cache.internal.DefaultFileLockManager] Waiting to acquire shared lock on daemon addresses registry.
2021-03-29T22:47:58.194+0200 [DEBUG] [org.gradle.cache.internal.DefaultFileLockManager] Lock acquired on daemon addresses registry.
2021-03-29T22:47:58.194+0200 [DEBUG] [org.gradle.cache.internal.DefaultFileLockManager] Releasing lock on daemon addresses registry.
2021-03-29T22:47:58.194+0200 [DEBUG] [org.gradle.cache.internal.DefaultFileLockManager] Waiting to acquire shared lock on daemon addresses registry.
2021-03-29T22:47:58.194+0200 [DEBUG] [org.gradle.cache.internal.DefaultFileLockManager] Lock acquired on daemon addresses registry.
2021-03-29T22:47:58.195+0200 [DEBUG] [org.gradle.cache.internal.DefaultFileLockManager] Releasing lock on daemon addresses registry.
2021-03-29T22:47:58.195+0200 [DEBUG] [org.gradle.cache.internal.DefaultFileLockManager] Waiting to acquire shared lock on daemon addresses registry.
2021-03-29T22:47:58.195+0200 [DEBUG] [org.gradle.cache.internal.DefaultFileLockManager] Lock acquired on daemon addresses registry.
2021-03-29T22:47:58.195+0200 [DEBUG] [org.gradle.cache.internal.DefaultFileLockManager] Releasing lock on daemon addresses registry.
2021-03-29T22:48:08.194+0200 [DEBUG] [org.gradle.cache.internal.DefaultFileLockManager] Waiting to acquire shared lock on daemon addresses registry.
2021-03-29T22:48:08.194+0200 [DEBUG] [org.gradle.cache.internal.DefaultFileLockManager] Lock acquired on daemon addresses registry.
2021-03-29T22:48:08.194+0200 [DEBUG] [org.gradle.cache.internal.DefaultFileLockManager] Releasing lock on daemon addresses registry.
2021-03-29T22:48:08.195+0200 [DEBUG] [org.gradle.cache.internal.DefaultFileLockManager] Waiting to acquire shared lock on daemon addresses registry.
2021-03-29T22:48:08.195+0200 [DEBUG] [org.gradle.cache.internal.DefaultFileLockManager] Lock acquired on daemon addresses registry.
2021-03-29T22:48:08.195+0200 [DEBUG] [org.gradle.cache.internal.DefaultFileLockManager] Releasing lock on daemon addresses registry.
2021-03-29T22:48:08.205+0200 [DEBUG] [org.gradle.cache.internal.DefaultFileLockManager] Waiting to acquire shared lock on daemon addresses registry.
2021-03-29T22:48:08.205+0200 [DEBUG] [org.gradle.cache.internal.DefaultFileLockManager] Lock acquired on daemon addresses registry.
2021-03-29T22:48:08.206+0200 [DEBUG] [org.gradle.cache.internal.DefaultFileLockManager] Releasing lock on daemon addresses registry.
2021-03-29T22:48:18.194+0200 [DEBUG] [org.gradle.cache.internal.DefaultFileLockManager] Waiting to acquire shared lock on daemon addresses registry.
2021-03-29T22:48:18.194+0200 [DEBUG] [org.gradle.cache.internal.DefaultFileLockManager] Lock acquired on daemon addresses registry.
2021-03-29T22:48:18.194+0200 [DEBUG] [org.gradle.cache.internal.DefaultFileLockManager] Releasing lock on daemon addresses registry.
2021-03-29T22:48:18.194+0200 [DEBUG] [org.gradle.cache.internal.DefaultFileLockManager] Waiting to acquire shared lock on daemon addresses registry.
2021-03-29T22:48:18.194+0200 [DEBUG] [org.gradle.cache.internal.DefaultFileLockManager] Lock acquired on daemon addresses registry.
2021-03-29T22:48:18.194+0200 [DEBUG] [org.gradle.cache.internal.DefaultFileLockManager] Releasing lock on daemon addresses registry.
2021-03-29T22:48:18.194+0200 [DEBUG] [org.gradle.cache.internal.DefaultFileLockManager] Waiting to acquire shared lock on daemon addresses registry.
2021-03-29T22:48:18.194+0200 [DEBUG] [org.gradle.cache.internal.DefaultFileLockManager] Lock acquired on daemon addresses registry.
2021-03-29T22:48:18.195+0200 [DEBUG] [org.gradle.cache.internal.DefaultFileLockManager] Releasing lock on daemon addresses registry.
2021-03-29T22:48:28.194+0200 [DEBUG] [org.gradle.cache.internal.DefaultFileLockManager] Waiting to acquire shared lock on daemon addresses registry.
2021-03-29T22:48:28.194+0200 [DEBUG] [org.gradle.cache.internal.DefaultFileLockManager] Lock acquired on daemon addresses registry.
2021-03-29T22:48:28.194+0200 [DEBUG] [org.gradle.cache.internal.DefaultFileLockManager] Releasing lock on daemon addresses registry.
2021-03-29T22:48:28.194+0200 [DEBUG] [org.gradle.cache.internal.DefaultFileLockManager] Waiting to acquire shared lock on daemon addresses registry.
2021-03-29T22:48:28.195+0200 [DEBUG] [org.gradle.cache.internal.DefaultFileLockManager] Lock acquired on daemon addresses registry.
2021-03-29T22:48:28.195+0200 [DEBUG] [org.gradle.cache.internal.DefaultFileLockManager] Releasing lock on daemon addresses registry.
2021-03-29T22:48:28.195+0200 [DEBUG] [org.gradle.cache.internal.DefaultFileLockManager] Waiting to acquire shared lock on daemon addresses registry.
2021-03-29T22:48:28.195+0200 [DEBUG] [org.gradle.cache.internal.DefaultFileLockManager] Lock acquired on daemon addresses registry.
2021-03-29T22:48:28.195+0200 [DEBUG] [org.gradle.cache.internal.DefaultFileLockManager] Releasing lock on daemon addresses registry.
2021-03-29T22:48:38.194+0200 [DEBUG] [org.gradle.cache.internal.DefaultFileLockManager] Waiting to acquire shared lock on daemon addresses registry.
2021-03-29T22:48:38.194+0200 [DEBUG] [org.gradle.cache.internal.DefaultFileLockManager] Lock acquired on daemon addresses registry.
2021-03-29T22:48:38.194+0200 [DEBUG] [org.gradle.cache.internal.DefaultFileLockManager] Releasing lock on daemon addresses registry.
2021-03-29T22:48:38.194+0200 [DEBUG] [org.gradle.cache.internal.DefaultFileLockManager] Waiting to acquire shared lock on daemon addresses registry.
2021-03-29T22:48:38.194+0200 [DEBUG] [org.gradle.cache.internal.DefaultFileLockManager] Lock acquired on daemon addresses registry.
2021-03-29T22:48:38.194+0200 [DEBUG] [org.gradle.cache.internal.DefaultFileLockManager] Releasing lock on daemon addresses registry.
2021-03-29T22:48:38.194+0200 [DEBUG] [org.gradle.cache.internal.DefaultFileLockManager] Waiting to acquire shared lock on daemon addresses registry.
2021-03-29T22:48:38.194+0200 [DEBUG] [org.gradle.cache.internal.DefaultFileLockManager] Lock acquired on daemon addresses registry.
2021-03-29T22:48:38.195+0200 [DEBUG] [org.gradle.cache.internal.DefaultFileLockManager] Releasing lock on daemon addresses registry.
2021-03-29T22:48:48.194+0200 [DEBUG] [org.gradle.cache.internal.DefaultFileLockManager] Waiting to acquire shared lock on daemon addresses registry.
2021-03-29T22:48:48.194+0200 [DEBUG] [org.gradle.cache.internal.DefaultFileLockManager] Lock acquired on daemon addresses registry.
2021-03-29T22:48:48.194+0200 [DEBUG] [org.gradle.cache.internal.DefaultFileLockManager] Releasing lock on daemon addresses registry.
2021-03-29T22:48:48.194+0200 [DEBUG] [org.gradle.cache.internal.DefaultFileLockManager] Waiting to acquire shared lock on daemon addresses registry.
2021-03-29T22:48:48.194+0200 [DEBUG] [org.gradle.cache.internal.DefaultFileLockManager] Lock acquired on daemon addresses registry.
2021-03-29T22:48:48.194+0200 [DEBUG] [org.gradle.cache.internal.DefaultFileLockManager] Releasing lock on daemon addresses registry.
2021-03-29T22:48:48.195+0200 [DEBUG] [org.gradle.cache.internal.DefaultFileLockManager] Waiting to acquire shared lock on daemon addresses registry.
2021-03-29T22:48:48.195+0200 [DEBUG] [org.gradle.cache.internal.DefaultFileLockManager] Lock acquired on daemon addresses registry.
2021-03-29T22:48:48.195+0200 [DEBUG] [org.gradle.cache.internal.DefaultFileLockManager] Releasing lock on daemon addresses registry.
